2023-08-18 11:39:37.217  INFO 16104 --- [main] o.s.q.QuotersIncorporatedApplication     : Starting QuotersIncorporatedApplication v0.0.1-SNAPSHOT using Java 1.8.0_202 on LAPTOP-HMQ6QM8O with PID 16104 (D:\JAVA-SPRING\PO\aa\quoters\target\quoters-incorporated-0.0.1-SNAPSHOT.jar started by NISHANT in D:\JAVA-SPRING\PO\aa\quoters\target)
2023-08-18 11:39:37.220 DEBUG 16104 --- [main] o.s.q.QuotersIncorporatedApplication     : Running with Spring Boot v2.7.5, Spring v5.3.23
2023-08-18 11:39:37.221  INFO 16104 --- [main] o.s.q.QuotersIncorporatedApplication     : No active profile set, falling back to 1 default profile: "default"
2023-08-18 11:39:38.034  INFO 16104 --- [main] .s.d.r.c.RepositoryConfigurationDelegate : Bootstrapping Spring Data JPA repositories in DEFAULT mode.
2023-08-18 11:39:38.116  INFO 16104 --- [main] .s.d.r.c.RepositoryConfigurationDelegate : Finished Spring Data repository scanning in 67 ms. Found 1 JPA repository interfaces.
2023-08-18 11:39:39.035  INFO 16104 --- [main] o.s.b.w.embedded.tomcat.TomcatWebServer  : Tomcat initialized with port(s): 8080 (http)
2023-08-18 11:39:39.049  INFO 16104 --- [main] o.apache.catalina.core.StandardService   : Starting service [Tomcat]
2023-08-18 11:39:39.049  INFO 16104 --- [main] org.apache.catalina.core.StandardEngine  : Starting Servlet engine: [Apache Tomcat/9.0.68]
2023-08-18 11:39:39.180  INFO 16104 --- [main] o.a.c.c.C.[Tomcat].[localhost].[/]       : Initializing Spring embedded WebApplicationContext
2023-08-18 11:39:39.181  INFO 16104 --- [main] w.s.c.ServletWebServerApplicationContext : Root WebApplicationContext: initialization completed in 1890 ms
2023-08-18 11:39:39.362  INFO 16104 --- [main] com.zaxxer.hikari.HikariDataSource       : HikariPool-1 - Starting...
2023-08-18 11:39:39.713  INFO 16104 --- [main] com.zaxxer.hikari.HikariDataSource       : HikariPool-1 - Start completed.
2023-08-18 11:39:39.763  INFO 16104 --- [main] o.hibernate.jpa.internal.util.LogHelper  : HHH000204: Processing PersistenceUnitInfo [name: default]
2023-08-18 11:39:39.832  INFO 16104 --- [main] org.hibernate.Version                    : HHH000412: Hibernate ORM core version 5.6.12.Final
2023-08-18 11:39:40.038  INFO 16104 --- [main] o.hibernate.annotations.common.Version   : HCANN000001: Hibernate Commons Annotations {5.1.2.Final}
2023-08-18 11:39:40.178  INFO 16104 --- [main] org.hibernate.dialect.Dialect            : HHH000400: Using dialect: org.hibernate.dialect.H2Dialect
2023-08-18 11:39:40.747  INFO 16104 --- [main] o.h.e.t.j.p.i.JtaPlatformInitiator       : HHH000490: Using JtaPlatform implementation: [org.hibernate.engine.transaction.jta.platform.internal.NoJtaPlatform]
2023-08-18 11:39:40.756  INFO 16104 --- [main] j.LocalContainerEntityManagerFactoryBean : Initialized JPA EntityManagerFactory for persistence unit 'default'
2023-08-18 11:39:41.148  WARN 16104 --- [main] JpaBaseConfiguration$JpaWebConfiguration : spring.jpa.open-in-view is enabled by default. Therefore, database queries may be performed during view rendering. Explicitly configure spring.jpa.open-in-view to disable this warning
2023-08-18 11:39:41.581  INFO 16104 --- [main] o.s.b.w.embedded.tomcat.TomcatWebServer  : Tomcat started on port(s): 8080 (http) with context path ''
2023-08-18 11:39:41.592  INFO 16104 --- [main] o.s.q.QuotersIncorporatedApplication     : Started QuotersIncorporatedApplication in 4.886 seconds (JVM running for 5.359)
2023-08-18 11:39:49.226  INFO 16104 --- [http-nio-8080-exec-2] o.a.c.c.C.[Tomcat].[localhost].[/]       : Initializing Spring DispatcherServlet 'dispatcherServlet'
2023-08-18 11:39:49.227  INFO 16104 --- [http-nio-8080-exec-2] o.s.web.servlet.DispatcherServlet        : Initializing Servlet 'dispatcherServlet'
2023-08-18 11:39:49.228  INFO 16104 --- [http-nio-8080-exec-2] o.s.web.servlet.DispatcherServlet        : Completed initialization in 1 ms
2023-08-18 11:39:49.309 DEBUG 16104 --- [http-nio-8080-exec-2] o.s.quoters.QuoteController              : Response is:QuoteResource{type='success', value=Quote{id=1, quote='Working with Spring Boot is like pair-programming with the Spring developers.'}}
2023-08-18 11:40:00.642 DEBUG 16104 --- [http-nio-8080-exec-4] o.s.quoters.QuoteController              : Response is:[QuoteResource{type='success', value=Quote{id=1, quote='Working with Spring Boot is like pair-programming with the Spring developers.'}}, QuoteResource{type='success', value=Quote{id=2, quote='With Boot you deploy everywhere you can find a JVM basically.'}}, QuoteResource{type='success', value=Quote{id=3, quote='Spring has come quite a ways in addressing developer enjoyment and ease of use since the last time I built an application using it.'}}, QuoteResource{type='success', value=Quote{id=4, quote='Previous to Spring Boot, I remember XML hell, confusing set up, and many hours of frustration.'}}, QuoteResource{type='success', value=Quote{id=5, quote='Spring Boot solves this problem. It gets rid of XML and wires up common components for me, so I don't have to spend hours scratching my head just to figure out how it's all pieced together.'}}, QuoteResource{type='success', value=Quote{id=6, quote='It embraces convention over configuration, providing an experience on par with frameworks that excel at early stage development, such as Ruby on Rails.'}}, QuoteResource{type='success', value=Quote{id=7, quote='The real benefit of Boot, however, is that it's just Spring. That means any direction the code takes, regardless of complexity, I know it's a safe bet.'}}, QuoteResource{type='success', value=Quote{id=8, quote='I don't worry about my code scaling. Boot allows the developer to peel back the layers and customize when it's appropriate while keeping the conventions that just work.'}}, QuoteResource{type='success', value=Quote{id=9, quote='So easy it is to switch container in #springboot.'}}, QuoteResource{type='success', value=Quote{id=10, quote='Really loving Spring Boot, makes stand alone Spring apps easy.'}}, QuoteResource{type='success', value=Quote{id=11, quote='I have two hours today to build an app from scratch. @springboot to the rescue!'}}, QuoteResource{type='success', value=Quote{id=12, quote='@springboot with @springframework is pure productivity! Who said in #java one has to write double the code than in other langs? #newFavLib'}}]
2023-08-18 11:40:36.157  INFO 16104 --- [SpringApplicationShutdownHook] j.LocalContainerEntityManagerFactoryBean : Closing JPA EntityManagerFactory for persistence unit 'default'
2023-08-18 11:40:36.158  INFO 16104 --- [SpringApplicationShutdownHook] .SchemaDropperImpl$DelayedDropActionImpl : HHH000477: Starting delayed evictData of schema as part of SessionFactory shut-down'
2023-08-18 11:40:36.163  INFO 16104 --- [SpringApplicationShutdownHook] com.zaxxer.hikari.HikariDataSource       : HikariPool-1 - Shutdown initiated...
2023-08-18 11:40:36.166  INFO 16104 --- [SpringApplicationShutdownHook] com.zaxxer.hikari.HikariDataSource       : HikariPool-1 - Shutdown completed.
